This file contains any messages produced by compilers while
running configure, to aid debugging if configure makes a mistake.

It was created by fuego configure 1.1.SVN, which was
generated by GNU Autoconf 2.69.  Invocation command line was

  $ ../../configure --enable-maintainer-mode --enable-max-size=9

## --------- ##
## Platform. ##
## --------- ##

hostname = f45c89a50c8f.ant.amazon.com
uname -m = x86_64
uname -r = 15.6.0
uname -s = Darwin
uname -v = Darwin Kernel Version 15.6.0: Mon Nov 13 21:58:35 PST 2017; root:xnu-3248.72.11~1/RELEASE_X86_64

/usr/bin/uname -p = i386
/bin/uname -X     = unknown

/bin/arch              = unknown
/usr/bin/arch -k       = unknown
/usr/convex/getsysinfo = unknown
/usr/bin/hostinfo      = Mach kernel version:
	 Darwin Kernel Version 15.6.0: Mon Nov 13 21:58:35 PST 2017; root:xnu-3248.72.11~1/RELEASE_X86_64
Kernel configured for up to 8 processors.
4 processors are physically available.
8 processors are logically available.
Processor type: x86_64h (Intel x86-64h Haswell)
Processors active: 0 1 2 3 4 5 6 7
Primary memory available: 16.00 gigabytes
Default processor set: 326 tasks, 2080 threads, 8 processors
Load average: 3.05, Mach factor: 4.94
/bin/machine           = unknown
/usr/bin/oslevel       = unknown
/bin/universe          = unknown

PATH: /usr/local/sbin
PATH: /usr/local/bin
PATH: /usr/bin
PATH: /bin
PATH: /usr/sbin
PATH: /sbin
PATH: /opt/X11/bin
PATH: /Users/mingxuan/Desktop/workspace/aws/tools
PATH: /Users/mingxuan/Desktop/workspace/spark_install/spark-1.6.0/bin
PATH: /Users/mingxuan/Desktop/dinstalled/apache-maven-3.3.9/bin
PATH: /usr/local/bin


## ----------- ##
## Core tests. ##
## ----------- ##

configure:2253: checking for a BSD-compatible install
configure:2321: result: /usr/bin/install -c
configure:2332: checking whether build environment is sane
configure:2387: result: yes
configure:2538: checking for a thread-safe mkdir -p
configure:2577: result: ../../install-sh -c -d
configure:2584: checking for gawk
configure:2614: result: no
configure:2584: checking for mawk
configure:2614: result: no
configure:2584: checking for nawk
configure:2614: result: no
configure:2584: checking for awk
configure:2600: found /usr/bin/awk
configure:2611: result: awk
configure:2622: checking whether make sets $(MAKE)
configure:2644: result: yes
configure:2673: checking whether make supports nested variables
configure:2690: result: yes
configure:2817: checking whether to enable maintainer-specific portions of Makefiles
configure:2826: result: yes
configure:2951: checking for C++ compiler version
configure:2960: g++ --version >&5
Apple LLVM version 8.0.0 (clang-800.0.42.1)
Target: x86_64-apple-darwin15.6.0
Thread model: posix
InstalledDir: /Applications/Xcode.app/Contents/Developer/Toolchains/XcodeDefault.xctoolchain/usr/bin
Configured with: --prefix=/Applications/Xcode.app/Contents/Developer/usr --with-gxx-include-dir=/usr/include/c++/4.2.1
configure:2971: $? = 0
configure:2960: g++ -v >&5
Configured with: --prefix=/Applications/Xcode.app/Contents/Developer/usr --with-gxx-include-dir=/usr/include/c++/4.2.1
Apple LLVM version 8.0.0 (clang-800.0.42.1)
Target: x86_64-apple-darwin15.6.0
Thread model: posix
InstalledDir: /Applications/Xcode.app/Contents/Developer/Toolchains/XcodeDefault.xctoolchain/usr/bin
configure:2971: $? = 0
configure:2960: g++ -V >&5
clang: error: argument to '-V' is missing (expected 1 value)
clang: error: no input files
configure:2971: $? = 1
configure:2960: g++ -qversion >&5
clang: error: unknown argument: '-qversion'
clang: error: no input files
configure:2971: $? = 1
configure:2991: checking whether the C++ compiler works
configure:3013: g++ -O3 -ffast-math -g -pipe   conftest.cpp  >&5
configure:3017: $? = 0
configure:3065: result: yes
configure:3068: checking for C++ compiler default output file name
configure:3070: result: a.out
configure:3076: checking for suffix of executables
configure:3083: g++ -o conftest -O3 -ffast-math -g -pipe   conftest.cpp  >&5
configure:3087: $? = 0
configure:3109: result: 
configure:3131: checking whether we are cross compiling
configure:3139: g++ -o conftest -O3 -ffast-math -g -pipe   conftest.cpp  >&5
configure:3143: $? = 0
configure:3150: ./conftest
configure:3154: $? = 0
configure:3169: result: no
configure:3174: checking for suffix of object files
configure:3196: g++ -c -O3 -ffast-math -g -pipe  conftest.cpp >&5
configure:3200: $? = 0
configure:3221: result: o
configure:3225: checking whether we are using the GNU C++ compiler
configure:3244: g++ -c -O3 -ffast-math -g -pipe  conftest.cpp >&5
configure:3244: $? = 0
configure:3253: result: yes
configure:3262: checking whether g++ accepts -g
configure:3282: g++ -c -g  conftest.cpp >&5
configure:3282: $? = 0
configure:3323: result: yes
configure:3357: checking for style of include used by make
configure:3385: result: GNU
configure:3411: checking dependency style of g++
configure:3522: result: gcc3
configure:3580: checking for ranlib
configure:3596: found /usr/bin/ranlib
configure:3607: result: ranlib
configure:3633: checking build system type
configure:3647: result: x86_64-apple-darwin15.6.0
configure:3667: checking host system type
configure:3680: result: x86_64-apple-darwin15.6.0
configure:3749: checking for boostlib >= 1.50.0
configure:3832: g++ -c -O3 -ffast-math -g -pipe  -I/usr/local/include conftest.cpp >&5
configure:3832: $? = 0
configure:3834: result: yes
configure:4037: checking for gcc
configure:4053: found /usr/bin/gcc
configure:4064: result: gcc
configure:4293: checking for C compiler version
configure:4302: gcc --version >&5
Apple LLVM version 8.0.0 (clang-800.0.42.1)
Target: x86_64-apple-darwin15.6.0
Thread model: posix
InstalledDir: /Applications/Xcode.app/Contents/Developer/Toolchains/XcodeDefault.xctoolchain/usr/bin
Configured with: --prefix=/Applications/Xcode.app/Contents/Developer/usr --with-gxx-include-dir=/usr/include/c++/4.2.1
configure:4313: $? = 0
configure:4302: gcc -v >&5
Configured with: --prefix=/Applications/Xcode.app/Contents/Developer/usr --with-gxx-include-dir=/usr/include/c++/4.2.1
Apple LLVM version 8.0.0 (clang-800.0.42.1)
Target: x86_64-apple-darwin15.6.0
Thread model: posix
InstalledDir: /Applications/Xcode.app/Contents/Developer/Toolchains/XcodeDefault.xctoolchain/usr/bin
configure:4313: $? = 0
configure:4302: gcc -V >&5
clang: error: argument to '-V' is missing (expected 1 value)
clang: error: no input files
configure:4313: $? = 1
configure:4302: gcc -qversion >&5
clang: error: unknown argument: '-qversion'
clang: error: no input files
configure:4313: $? = 1
configure:4317: checking whether we are using the GNU C compiler
configure:4336: gcc -c   conftest.c >&5
configure:4336: $? = 0
configure:4345: result: yes
configure:4354: checking whether gcc accepts -g
configure:4374: gcc -c -g  conftest.c >&5
configure:4374: $? = 0
configure:4415: result: yes
configure:4432: checking for gcc option to accept ISO C89
configure:4495: gcc  -c -g -O2  conftest.c >&5
configure:4495: $? = 0
configure:4508: result: none needed
configure:4533: checking whether gcc understands -c and -o together
configure:4555: gcc -c conftest.c -o conftest2.o
configure:4558: $? = 0
configure:4555: gcc -c conftest.c -o conftest2.o
configure:4558: $? = 0
configure:4570: result: yes
configure:4589: checking dependency style of gcc
configure:4700: result: gcc3
configure:4748: checking whether the Boost::Thread library is available
configure:4780: g++ -c -pthread -O3 -ffast-math -g -pipe  -I/usr/local/include conftest.cpp >&5
configure:4780: $? = 0
configure:4795: result: yes
configure:4824: checking for exit in -lboost_thread-mt
configure:4849: gcc -o conftest -g -O2  -I/usr/local/include  -L/usr/local/lib conftest.c -lboost_thread-mt   >&5
conftest.c:20:6: warning: incompatible redeclaration of library function 'exit' [-Wincompatible-library-redeclaration]
char exit ();
     ^
conftest.c:20:6: note: 'exit' is a builtin with type 'void (int) __attribute__((noreturn))'
1 warning generated.
configure:4849: $? = 0
configure:4859: result: yes
configure:5019: checking whether the Boost::System library is available
configure:5044: g++ -c   -pthread -I/usr/local/include conftest.cpp >&5
configure:5044: $? = 0
configure:5059: result: yes
configure:5074: checking for exit in -lboost_system
configure:5099: gcc -o conftest -g -O2  -pthread -I/usr/local/include  -L/usr/local/lib conftest.c -lboost_system   >&5
conftest.c:21:6: warning: incompatible redeclaration of library function 'exit' [-Wincompatible-library-redeclaration]
char exit ();
     ^
conftest.c:21:6: note: 'exit' is a builtin with type 'void (int) __attribute__((noreturn))'
1 warning generated.
configure:5099: $? = 0
configure:5109: result: yes
configure:5260: checking whether the Boost::Date_Time library is available
configure:5284: g++ -c -O3 -ffast-math -g -pipe  -pthread -I/usr/local/include conftest.cpp >&5
configure:5284: $? = 0
configure:5298: result: yes
configure:5309: checking for exit in -lboost_date_time-mt
configure:5334: gcc -o conftest -g -O2  -pthread -I/usr/local/include  -L/usr/local/lib conftest.c -lboost_date_time-mt   >&5
conftest.c:22:6: warning: incompatible redeclaration of library function 'exit' [-Wincompatible-library-redeclaration]
char exit ();
     ^
conftest.c:22:6: note: 'exit' is a builtin with type 'void (int) __attribute__((noreturn))'
1 warning generated.
configure:5334: $? = 0
configure:5344: result: yes
configure:5493: checking whether the Boost::Filesystem library is available
configure:5517: g++ -c -O3 -ffast-math -g -pipe  -pthread -I/usr/local/include conftest.cpp >&5
configure:5517: $? = 0
configure:5531: result: yes
configure:5542: checking for exit in -lboost_filesystem
configure:5567: gcc -o conftest -g -O2  -pthread -I/usr/local/include  -L/usr/local/lib conftest.c -lboost_filesystem   -lboost_system >&5
conftest.c:23:6: warning: incompatible redeclaration of library function 'exit' [-Wincompatible-library-redeclaration]
char exit ();
     ^
conftest.c:23:6: note: 'exit' is a builtin with type 'void (int) __attribute__((noreturn))'
1 warning generated.
configure:5567: $? = 0
configure:5577: result: yes
configure:5727: checking whether the Boost::Program_Options library is available
configure:5751: g++ -c -O3 -ffast-math -g -pipe  -pthread -I/usr/local/include conftest.cpp >&5
configure:5751: $? = 0
configure:5765: result: yes
configure:5776: checking for exit in -lboost_program_options-mt
configure:5801: gcc -o conftest -g -O2  -pthread -I/usr/local/include  -L/usr/local/lib conftest.c -lboost_program_options-mt   >&5
conftest.c:24:6: warning: incompatible redeclaration of library function 'exit' [-Wincompatible-library-redeclaration]
char exit ();
     ^
conftest.c:24:6: note: 'exit' is a builtin with type 'void (int) __attribute__((noreturn))'
1 warning generated.
configure:5801: $? = 0
configure:5811: result: yes
configure:5953: checking whether the Boost::Unit_Test_Framework library is available
configure:5976: g++ -c -O3 -ffast-math -g -pipe  -pthread -I/usr/local/include conftest.cpp >&5
configure:5976: $? = 0
configure:5990: result: yes
configure:6117: checking for __sync_synchronize
configure:6123: gcc -o conftest -g -O2   conftest.c  >&5
configure:6123: $? = 0
configure:6130: result: yes
configure:6202: checking how to run the C preprocessor
configure:6233: gcc -E  conftest.c
configure:6233: $? = 0
configure:6247: gcc -E  conftest.c
conftest.c:21:10: fatal error: 'ac_nonexistent.h' file not found
#include <ac_nonexistent.h>
         ^
1 error generated.
configure:6247: $? = 1
configure: failed program was:
| /* confdefs.h */
| #define PACKAGE_NAME "fuego"
| #define PACKAGE_TARNAME "fuego"
| #define PACKAGE_VERSION "1.1.SVN"
| #define PACKAGE_STRING "fuego 1.1.SVN"
| #define PACKAGE_BUGREPORT ""
| #define PACKAGE_URL ""
| #define PACKAGE "fuego"
| #define VERSION "1.1.SVN"
| #define HAVE_BOOST /**/
| #define HAVE_BOOST_THREAD /**/
| #define HAVE_BOOST_SYSTEM /**/
| #define HAVE_BOOST_DATE_TIME /**/
| #define HAVE_BOOST_FILESYSTEM /**/
| #define HAVE_BOOST_PROGRAM_OPTIONS /**/
| #define HAVE_BOOST_UNIT_TEST_FRAMEWORK /**/
| #define SG_DEFINE_MAX_SIZE 9
| #define HAVE_SYNC_SYNCHRONIZE 1
| #define HOST_CPU "x86_64"
| /* end confdefs.h.  */
| #include <ac_nonexistent.h>
configure:6272: result: gcc -E
configure:6292: gcc -E  conftest.c
configure:6292: $? = 0
configure:6306: gcc -E  conftest.c
conftest.c:21:10: fatal error: 'ac_nonexistent.h' file not found
#include <ac_nonexistent.h>
         ^
1 error generated.
configure:6306: $? = 1
configure: failed program was:
| /* confdefs.h */
| #define PACKAGE_NAME "fuego"
| #define PACKAGE_TARNAME "fuego"
| #define PACKAGE_VERSION "1.1.SVN"
| #define PACKAGE_STRING "fuego 1.1.SVN"
| #define PACKAGE_BUGREPORT ""
| #define PACKAGE_URL ""
| #define PACKAGE "fuego"
| #define VERSION "1.1.SVN"
| #define HAVE_BOOST /**/
| #define HAVE_BOOST_THREAD /**/
| #define HAVE_BOOST_SYSTEM /**/
| #define HAVE_BOOST_DATE_TIME /**/
| #define HAVE_BOOST_FILESYSTEM /**/
| #define HAVE_BOOST_PROGRAM_OPTIONS /**/
| #define HAVE_BOOST_UNIT_TEST_FRAMEWORK /**/
| #define SG_DEFINE_MAX_SIZE 9
| #define HAVE_SYNC_SYNCHRONIZE 1
| #define HOST_CPU "x86_64"
| /* end confdefs.h.  */
| #include <ac_nonexistent.h>
configure:6335: checking for grep that handles long lines and -e
configure:6393: result: /usr/bin/grep
configure:6398: checking for egrep
configure:6460: result: /usr/bin/grep -E
configure:6465: checking for ANSI C header files
configure:6485: gcc -c -g -O2  conftest.c >&5
configure:6485: $? = 0
configure:6558: gcc -o conftest -g -O2   conftest.c  >&5
configure:6558: $? = 0
configure:6558: ./conftest
configure:6558: $? = 0
configure:6569: result: yes
configure:6582: checking for sys/types.h
configure:6582: gcc -c -g -O2  conftest.c >&5
configure:6582: $? = 0
configure:6582: result: yes
configure:6582: checking for sys/stat.h
configure:6582: gcc -c -g -O2  conftest.c >&5
configure:6582: $? = 0
configure:6582: result: yes
configure:6582: checking for stdlib.h
configure:6582: gcc -c -g -O2  conftest.c >&5
configure:6582: $? = 0
configure:6582: result: yes
configure:6582: checking for string.h
configure:6582: gcc -c -g -O2  conftest.c >&5
configure:6582: $? = 0
configure:6582: result: yes
configure:6582: checking for memory.h
configure:6582: gcc -c -g -O2  conftest.c >&5
configure:6582: $? = 0
configure:6582: result: yes
configure:6582: checking for strings.h
configure:6582: gcc -c -g -O2  conftest.c >&5
configure:6582: $? = 0
configure:6582: result: yes
configure:6582: checking for inttypes.h
configure:6582: gcc -c -g -O2  conftest.c >&5
configure:6582: $? = 0
configure:6582: result: yes
configure:6582: checking for stdint.h
configure:6582: gcc -c -g -O2  conftest.c >&5
configure:6582: $? = 0
configure:6582: result: yes
configure:6582: checking for unistd.h
configure:6582: gcc -c -g -O2  conftest.c >&5
configure:6582: $? = 0
configure:6582: result: yes
configure:6596: checking sys/sysctl.h usability
configure:6596: gcc -c -g -O2  conftest.c >&5
configure:6596: $? = 0
configure:6596: result: yes
configure:6596: checking sys/sysctl.h presence
configure:6596: gcc -E  conftest.c
configure:6596: $? = 0
configure:6596: result: yes
configure:6596: checking for sys/sysctl.h
configure:6596: result: yes
configure:6606: checking CXXFLAGS for maximum warnings
configure:6632: g++ -c -O3 -ffast-math -g -pipe -DNDEBUG -pedantic  -Wall  conftest.cpp >&5
configure:6632: $? = 0
configure:6646: result: -Wall
configure:6659: : CXXFLAGS="$CXXFLAGS $ax_cv_cxxflags_warn_all"
configure:6662: $? = 0
configure:6669: checking CXXFLAGS for gcc -Wextra
configure:6696: g++ -c -O3 -ffast-math -g -pipe -DNDEBUG -Wall -pedantic -Werror  -Wextra  conftest.cpp >&5
configure:6696: $? = 0
configure:6710: result: -Wextra
configure:6723: : CXXFLAGS="$CXXFLAGS $var"
configure:6726: $? = 0
configure:6845: checking that generated files are newer than configure
configure:6851: result: done
configure:6882: creating ./config.status

## ---------------------- ##
## Running config.status. ##
## ---------------------- ##

This file was extended by fuego config.status 1.1.SVN, which was
generated by GNU Autoconf 2.69.  Invocation command line was

  CONFIG_FILES    = 
  CONFIG_HEADERS  = 
  CONFIG_LINKS    = 
  CONFIG_COMMANDS = 
  $ ./config.status 

on f45c89a50c8f.ant.amazon.com

config.status:901: creating Makefile
config.status:901: creating book/Makefile
config.status:901: creating regression/Makefile
config.status:901: creating misctests/Makefile
config.status:901: creating fuegomain/Makefile
config.status:901: creating fuegotest/Makefile
config.status:901: creating go/Makefile
config.status:901: creating gouct/Makefile
config.status:901: creating gtpengine/Makefile
config.status:901: creating features/Makefile
config.status:901: creating simpleplayers/Makefile
config.status:901: creating smartgame/Makefile
config.status:901: creating unittestmain/Makefile
config.status:901: creating config.h
config.status:1067: config.h is unchanged
config.status:1115: executing depfiles commands

## ---------------- ##
## Cache variables. ##
## ---------------- ##

ac_cv_build=x86_64-apple-darwin15.6.0
ac_cv_c_compiler_gnu=yes
ac_cv_cxx_compiler_gnu=yes
ac_cv_env_CCC_set=
ac_cv_env_CCC_value=
ac_cv_env_CC_set=
ac_cv_env_CC_value=
ac_cv_env_CFLAGS_set=
ac_cv_env_CFLAGS_value=
ac_cv_env_CPPFLAGS_set=
ac_cv_env_CPPFLAGS_value=
ac_cv_env_CPP_set=
ac_cv_env_CPP_value=
ac_cv_env_CXXFLAGS_set=set
ac_cv_env_CXXFLAGS_value='-O3 -ffast-math -g -pipe'
ac_cv_env_CXX_set=set
ac_cv_env_CXX_value=g++
ac_cv_env_LDFLAGS_set=
ac_cv_env_LDFLAGS_value=
ac_cv_env_LIBS_set=
ac_cv_env_LIBS_value=
ac_cv_env_build_alias_set=
ac_cv_env_build_alias_value=
ac_cv_env_host_alias_set=
ac_cv_env_host_alias_value=
ac_cv_env_target_alias_set=
ac_cv_env_target_alias_value=
ac_cv_header_inttypes_h=yes
ac_cv_header_memory_h=yes
ac_cv_header_stdc=yes
ac_cv_header_stdint_h=yes
ac_cv_header_stdlib_h=yes
ac_cv_header_string_h=yes
ac_cv_header_strings_h=yes
ac_cv_header_sys_stat_h=yes
ac_cv_header_sys_sysctl_h=yes
ac_cv_header_sys_types_h=yes
ac_cv_header_unistd_h=yes
ac_cv_host=x86_64-apple-darwin15.6.0
ac_cv_lib_boost_date_time_mt___exit=yes
ac_cv_lib_boost_filesystem___exit=yes
ac_cv_lib_boost_program_options_mt___exit=yes
ac_cv_lib_boost_system___exit=yes
ac_cv_lib_boost_thread_mt___exit=yes
ac_cv_objext=o
ac_cv_path_EGREP='/usr/bin/grep -E'
ac_cv_path_GREP=/usr/bin/grep
ac_cv_path_install='/usr/bin/install -c'
ac_cv_prog_AWK=awk
ac_cv_prog_CPP='gcc -E'
ac_cv_prog_ac_ct_CC=gcc
ac_cv_prog_ac_ct_RANLIB=ranlib
ac_cv_prog_cc_c89=
ac_cv_prog_cc_g=yes
ac_cv_prog_cxx_g=yes
ac_cv_prog_make_make_set=yes
am_cv_CC_dependencies_compiler_type=gcc3
am_cv_CXX_dependencies_compiler_type=gcc3
am_cv_make_support_nested_variables=yes
am_cv_prog_cc_c_o=yes
ax_cv_boost_date_time=yes
ax_cv_boost_filesystem=yes
ax_cv_boost_program_options=yes
ax_cv_boost_system=yes
ax_cv_boost_thread=yes
ax_cv_boost_unit_test_framework=yes
ax_cv_cxxflags_gcc_option__Wextra=-Wextra
ax_cv_cxxflags_warn_all=-Wall

## ----------------- ##
## Output variables. ##
## ----------------- ##

ACLOCAL='${SHELL} /Users/mingxuan/Desktop/workspace/go_game/fuego_svn/missing aclocal-1.15'
AMDEPBACKSLASH='\'
AMDEP_FALSE='#'
AMDEP_TRUE=''
AMTAR='$${TAR-tar}'
AM_BACKSLASH='\'
AM_DEFAULT_V='$(AM_DEFAULT_VERBOSITY)'
AM_DEFAULT_VERBOSITY='1'
AM_V='$(V)'
AUTOCONF='${SHELL} /Users/mingxuan/Desktop/workspace/go_game/fuego_svn/missing autoconf'
AUTOHEADER='${SHELL} /Users/mingxuan/Desktop/workspace/go_game/fuego_svn/missing autoheader'
AUTOMAKE='${SHELL} /Users/mingxuan/Desktop/workspace/go_game/fuego_svn/missing automake-1.15'
AWK='awk'
BOOST_CPPFLAGS='-pthread -I/usr/local/include'
BOOST_DATE_TIME_LIB='-lboost_date_time-mt'
BOOST_FILESYSTEM_LIB='-lboost_filesystem'
BOOST_LDFLAGS='-L/usr/local/lib'
BOOST_PROGRAM_OPTIONS_LIB='-lboost_program_options-mt'
BOOST_SYSTEM_LIB='-lboost_system'
BOOST_THREAD_LIB='-lboost_thread-mt'
BOOST_UNIT_TEST_FRAMEWORK_LIB='-lboost_unit_test_framework-mt'
CC='gcc'
CCDEPMODE='depmode=gcc3'
CFLAGS='-g -O2'
CPP='gcc -E'
CPPFLAGS=''
CXX='g++'
CXXDEPMODE='depmode=gcc3'
CXXFLAGS='-O3 -ffast-math -g -pipe -DNDEBUG -Wall -Wextra'
CYGPATH_W='echo'
DEFS='-DHAVE_CONFIG_H'
DEPDIR='.deps'
ECHO_C='\c'
ECHO_N=''
ECHO_T=''
EGREP='/usr/bin/grep -E'
EXEEXT=''
GREP='/usr/bin/grep'
INSTALL_DATA='${INSTALL} -m 644'
INSTALL_PROGRAM='${INSTALL}'
INSTALL_SCRIPT='${INSTALL}'
INSTALL_STRIP_PROGRAM='$(install_sh) -c -s'
LDFLAGS=''
LIBOBJS=''
LIBS=''
LTLIBOBJS=''
MAINT=''
MAINTAINER_MODE_FALSE='#'
MAINTAINER_MODE_TRUE=''
MAKEINFO='${SHELL} /Users/mingxuan/Desktop/workspace/go_game/fuego_svn/missing makeinfo'
MKDIR_P='../../install-sh -c -d'
OBJEXT='o'
PACKAGE='fuego'
PACKAGE_BUGREPORT=''
PACKAGE_NAME='fuego'
PACKAGE_STRING='fuego 1.1.SVN'
PACKAGE_TARNAME='fuego'
PACKAGE_URL=''
PACKAGE_VERSION='1.1.SVN'
PATH_SEPARATOR=':'
RANLIB='ranlib'
SET_MAKE=''
SHELL='/bin/sh'
STRIP=''
VERSION='1.1.SVN'
ac_ct_CC='gcc'
ac_ct_CXX=''
am__EXEEXT_FALSE=''
am__EXEEXT_TRUE='#'
am__fastdepCC_FALSE='#'
am__fastdepCC_TRUE=''
am__fastdepCXX_FALSE='#'
am__fastdepCXX_TRUE=''
am__include='include'
am__isrc=' -I$(srcdir)'
am__leading_dot='.'
am__nodep='_no'
am__quote=''
am__tar='$${TAR-tar} chof - "$$tardir"'
am__untar='$${TAR-tar} xf -'
bindir='${exec_prefix}/bin'
build='x86_64-apple-darwin15.6.0'
build_alias=''
build_cpu='x86_64'
build_os='darwin15.6.0'
build_vendor='apple'
datadir='${datarootdir}'
datarootdir='${prefix}/share'
docdir='${datarootdir}/doc/${PACKAGE_TARNAME}'
dvidir='${docdir}'
exec_prefix='${prefix}'
host='x86_64-apple-darwin15.6.0'
host_alias=''
host_cpu='x86_64'
host_os='darwin15.6.0'
host_vendor='apple'
htmldir='${docdir}'
includedir='${prefix}/include'
infodir='${datarootdir}/info'
install_sh='${SHELL} /Users/mingxuan/Desktop/workspace/go_game/fuego_svn/install-sh'
libdir='${exec_prefix}/lib'
libexecdir='${exec_prefix}/libexec'
localedir='${datarootdir}/locale'
localstatedir='${prefix}/var'
mandir='${datarootdir}/man'
mkdir_p='$(MKDIR_P)'
oldincludedir='/usr/include'
pdfdir='${docdir}'
prefix='/usr/local'
program_transform_name='s,x,x,'
psdir='${docdir}'
sbindir='${exec_prefix}/sbin'
sharedstatedir='${prefix}/com'
sysconfdir='${prefix}/etc'
target_alias=''

## ----------- ##
## confdefs.h. ##
## ----------- ##

/* confdefs.h */
#define PACKAGE_NAME "fuego"
#define PACKAGE_TARNAME "fuego"
#define PACKAGE_VERSION "1.1.SVN"
#define PACKAGE_STRING "fuego 1.1.SVN"
#define PACKAGE_BUGREPORT ""
#define PACKAGE_URL ""
#define PACKAGE "fuego"
#define VERSION "1.1.SVN"
#define HAVE_BOOST /**/
#define HAVE_BOOST_THREAD /**/
#define HAVE_BOOST_SYSTEM /**/
#define HAVE_BOOST_DATE_TIME /**/
#define HAVE_BOOST_FILESYSTEM /**/
#define HAVE_BOOST_PROGRAM_OPTIONS /**/
#define HAVE_BOOST_UNIT_TEST_FRAMEWORK /**/
#define SG_DEFINE_MAX_SIZE 9
#define HAVE_SYNC_SYNCHRONIZE 1
#define HOST_CPU "x86_64"
#define STDC_HEADERS 1
#define HAVE_SYS_TYPES_H 1
#define HAVE_SYS_STAT_H 1
#define HAVE_STDLIB_H 1
#define HAVE_STRING_H 1
#define HAVE_MEMORY_H 1
#define HAVE_STRINGS_H 1
#define HAVE_INTTYPES_H 1
#define HAVE_STDINT_H 1
#define HAVE_UNISTD_H 1
#define HAVE_SYS_SYSCTL_H 1

configure: exit 0
