This file contains any messages produced by compilers while
running configure, to aid debugging if configure makes a mistake.

It was created by fuego configure 1.1.SVN, which was
generated by GNU Autoconf 2.69.  Invocation command line was

  $ ./configure 

## --------- ##
## Platform. ##
## --------- ##

hostname = f45c89a50c8f.ant.amazon.com
uname -m = x86_64
uname -r = 15.6.0
uname -s = Darwin
uname -v = Darwin Kernel Version 15.6.0: Tue Jan 30 11:45:51 PST 2018; root:xnu-3248.73.8~1/RELEASE_X86_64

/usr/bin/uname -p = i386
/bin/uname -X     = unknown

/bin/arch              = unknown
/usr/bin/arch -k       = unknown
/usr/convex/getsysinfo = unknown
/usr/bin/hostinfo      = Mach kernel version:
	 Darwin Kernel Version 15.6.0: Tue Jan 30 11:45:51 PST 2018; root:xnu-3248.73.8~1/RELEASE_X86_64
Kernel configured for up to 8 processors.
4 processors are physically available.
8 processors are logically available.
Processor type: x86_64h (Intel x86-64h Haswell)
Processors active: 0 1 2 3 4 5 6 7
Primary memory available: 16.00 gigabytes
Default processor set: 406 tasks, 2604 threads, 8 processors
Load average: 3.92, Mach factor: 4.06
/bin/machine           = unknown
/usr/bin/oslevel       = unknown
/bin/universe          = unknown

PATH: /usr/local/sbin
PATH: /usr/local/bin
PATH: /usr/bin
PATH: /bin
PATH: /usr/sbin
PATH: /sbin
PATH: /opt/X11/bin
PATH: /Users/mingxuan/Desktop/workspace/aws/tools
PATH: /Users/mingxuan/Desktop/workspace/spark_install/spark-1.6.0/bin
PATH: /Users/mingxuan/Desktop/dinstalled/apache-maven-3.3.9/bin
PATH: /usr/local/bin


## ----------- ##
## Core tests. ##
## ----------- ##

configure:2254: checking for a BSD-compatible install
configure:2322: result: /usr/bin/install -c
configure:2333: checking whether build environment is sane
configure:2388: result: yes
configure:2539: checking for a thread-safe mkdir -p
configure:2578: result: ./install-sh -c -d
configure:2585: checking for gawk
configure:2615: result: no
configure:2585: checking for mawk
configure:2615: result: no
configure:2585: checking for nawk
configure:2615: result: no
configure:2585: checking for awk
configure:2601: found /usr/bin/awk
configure:2612: result: awk
configure:2623: checking whether make sets $(MAKE)
configure:2645: result: yes
configure:2674: checking whether make supports nested variables
configure:2691: result: yes
configure:2818: checking whether to enable maintainer-specific portions of Makefiles
configure:2827: result: no
configure:2898: checking for g++
configure:2914: found /usr/bin/g++
configure:2925: result: g++
configure:2952: checking for C++ compiler version
configure:2961: g++ --version >&5
Apple LLVM version 8.0.0 (clang-800.0.42.1)
Target: x86_64-apple-darwin15.6.0
Thread model: posix
InstalledDir: /Applications/Xcode.app/Contents/Developer/Toolchains/XcodeDefault.xctoolchain/usr/bin
Configured with: --prefix=/Applications/Xcode.app/Contents/Developer/usr --with-gxx-include-dir=/usr/include/c++/4.2.1
configure:2972: $? = 0
configure:2961: g++ -v >&5
Configured with: --prefix=/Applications/Xcode.app/Contents/Developer/usr --with-gxx-include-dir=/usr/include/c++/4.2.1
Apple LLVM version 8.0.0 (clang-800.0.42.1)
Target: x86_64-apple-darwin15.6.0
Thread model: posix
InstalledDir: /Applications/Xcode.app/Contents/Developer/Toolchains/XcodeDefault.xctoolchain/usr/bin
configure:2972: $? = 0
configure:2961: g++ -V >&5
clang: error: argument to '-V' is missing (expected 1 value)
clang: error: no input files
configure:2972: $? = 1
configure:2961: g++ -qversion >&5
clang: error: unknown argument: '-qversion'
clang: error: no input files
configure:2972: $? = 1
configure:2992: checking whether the C++ compiler works
configure:3014: g++  -std=c++0x -O2   conftest.cpp  >&5
configure:3018: $? = 0
configure:3066: result: yes
configure:3069: checking for C++ compiler default output file name
configure:3071: result: a.out
configure:3077: checking for suffix of executables
configure:3084: g++ -o conftest  -std=c++0x -O2   conftest.cpp  >&5
configure:3088: $? = 0
configure:3110: result: 
configure:3132: checking whether we are cross compiling
configure:3140: g++ -o conftest  -std=c++0x -O2   conftest.cpp  >&5
configure:3144: $? = 0
configure:3151: ./conftest
configure:3155: $? = 0
configure:3170: result: no
configure:3175: checking for suffix of object files
configure:3197: g++ -c  -std=c++0x -O2  conftest.cpp >&5
configure:3201: $? = 0
configure:3222: result: o
configure:3226: checking whether we are using the GNU C++ compiler
configure:3245: g++ -c  -std=c++0x -O2  conftest.cpp >&5
configure:3245: $? = 0
configure:3254: result: yes
configure:3263: checking whether g++ accepts -g
configure:3283: g++ -c -g  conftest.cpp >&5
configure:3283: $? = 0
configure:3324: result: yes
configure:3358: checking for style of include used by make
configure:3386: result: GNU
configure:3412: checking dependency style of g++
configure:3523: result: gcc3
configure:3581: checking for ranlib
configure:3597: found /usr/bin/ranlib
configure:3608: result: ranlib
configure:3634: checking build system type
configure:3648: result: x86_64-apple-darwin15.6.0
configure:3668: checking host system type
configure:3681: result: x86_64-apple-darwin15.6.0
configure:3750: checking for boostlib >= 1.50.0
configure:3833: g++ -c  -std=c++0x -O2  -I/usr/local/include conftest.cpp >&5
configure:3833: $? = 0
configure:3835: result: yes
configure:4038: checking for gcc
configure:4054: found /usr/bin/gcc
configure:4065: result: gcc
configure:4294: checking for C compiler version
configure:4303: gcc --version >&5
Apple LLVM version 8.0.0 (clang-800.0.42.1)
Target: x86_64-apple-darwin15.6.0
Thread model: posix
InstalledDir: /Applications/Xcode.app/Contents/Developer/Toolchains/XcodeDefault.xctoolchain/usr/bin
Configured with: --prefix=/Applications/Xcode.app/Contents/Developer/usr --with-gxx-include-dir=/usr/include/c++/4.2.1
configure:4314: $? = 0
configure:4303: gcc -v >&5
Configured with: --prefix=/Applications/Xcode.app/Contents/Developer/usr --with-gxx-include-dir=/usr/include/c++/4.2.1
Apple LLVM version 8.0.0 (clang-800.0.42.1)
Target: x86_64-apple-darwin15.6.0
Thread model: posix
InstalledDir: /Applications/Xcode.app/Contents/Developer/Toolchains/XcodeDefault.xctoolchain/usr/bin
configure:4314: $? = 0
configure:4303: gcc -V >&5
clang: error: argument to '-V' is missing (expected 1 value)
clang: error: no input files
configure:4314: $? = 1
configure:4303: gcc -qversion >&5
clang: error: unknown argument: '-qversion'
clang: error: no input files
configure:4314: $? = 1
configure:4318: checking whether we are using the GNU C compiler
configure:4337: gcc -c   conftest.c >&5
configure:4337: $? = 0
configure:4346: result: yes
configure:4355: checking whether gcc accepts -g
configure:4375: gcc -c -g  conftest.c >&5
configure:4375: $? = 0
configure:4416: result: yes
configure:4433: checking for gcc option to accept ISO C89
configure:4496: gcc  -c -g -O2  conftest.c >&5
configure:4496: $? = 0
configure:4509: result: none needed
configure:4534: checking whether gcc understands -c and -o together
configure:4556: gcc -c conftest.c -o conftest2.o
configure:4559: $? = 0
configure:4556: gcc -c conftest.c -o conftest2.o
configure:4559: $? = 0
configure:4571: result: yes
configure:4590: checking dependency style of gcc
configure:4701: result: gcc3
configure:4749: checking whether the Boost::Thread library is available
configure:4781: g++ -c -pthread  -std=c++0x -O2  -I/usr/local/include conftest.cpp >&5
configure:4781: $? = 0
configure:4796: result: yes
configure:4825: checking for exit in -lboost_thread-mt
configure:4850: gcc -o conftest -g -O2  -I/usr/local/include  -L/usr/local/lib conftest.c -lboost_thread-mt   >&5
conftest.c:20:6: warning: incompatible redeclaration of library function 'exit' [-Wincompatible-library-redeclaration]
char exit ();
     ^
conftest.c:20:6: note: 'exit' is a builtin with type 'void (int) __attribute__((noreturn))'
1 warning generated.
configure:4850: $? = 0
configure:4860: result: yes
configure:5020: checking whether the Boost::System library is available
configure:5045: g++ -c   -pthread -I/usr/local/include conftest.cpp >&5
configure:5045: $? = 0
configure:5060: result: yes
configure:5075: checking for exit in -lboost_system
configure:5100: gcc -o conftest -g -O2  -pthread -I/usr/local/include  -L/usr/local/lib conftest.c -lboost_system   >&5
conftest.c:21:6: warning: incompatible redeclaration of library function 'exit' [-Wincompatible-library-redeclaration]
char exit ();
     ^
conftest.c:21:6: note: 'exit' is a builtin with type 'void (int) __attribute__((noreturn))'
1 warning generated.
configure:5100: $? = 0
configure:5110: result: yes
configure:5261: checking whether the Boost::Date_Time library is available
configure:5285: g++ -c  -std=c++0x -O2  -pthread -I/usr/local/include conftest.cpp >&5
configure:5285: $? = 0
configure:5299: result: yes
configure:5310: checking for exit in -lboost_date_time-mt
configure:5335: gcc -o conftest -g -O2  -pthread -I/usr/local/include  -L/usr/local/lib conftest.c -lboost_date_time-mt   >&5
conftest.c:22:6: warning: incompatible redeclaration of library function 'exit' [-Wincompatible-library-redeclaration]
char exit ();
     ^
conftest.c:22:6: note: 'exit' is a builtin with type 'void (int) __attribute__((noreturn))'
1 warning generated.
configure:5335: $? = 0
configure:5345: result: yes
configure:5494: checking whether the Boost::Filesystem library is available
configure:5518: g++ -c  -std=c++0x -O2  -pthread -I/usr/local/include conftest.cpp >&5
configure:5518: $? = 0
configure:5532: result: yes
configure:5543: checking for exit in -lboost_filesystem
configure:5568: gcc -o conftest -g -O2  -pthread -I/usr/local/include  -L/usr/local/lib conftest.c -lboost_filesystem   -lboost_system >&5
conftest.c:23:6: warning: incompatible redeclaration of library function 'exit' [-Wincompatible-library-redeclaration]
char exit ();
     ^
conftest.c:23:6: note: 'exit' is a builtin with type 'void (int) __attribute__((noreturn))'
1 warning generated.
configure:5568: $? = 0
configure:5578: result: yes
configure:5728: checking whether the Boost::Program_Options library is available
configure:5752: g++ -c  -std=c++0x -O2  -pthread -I/usr/local/include conftest.cpp >&5
configure:5752: $? = 0
configure:5766: result: yes
configure:5777: checking for exit in -lboost_program_options-mt
configure:5802: gcc -o conftest -g -O2  -pthread -I/usr/local/include  -L/usr/local/lib conftest.c -lboost_program_options-mt   >&5
conftest.c:24:6: warning: incompatible redeclaration of library function 'exit' [-Wincompatible-library-redeclaration]
char exit ();
     ^
conftest.c:24:6: note: 'exit' is a builtin with type 'void (int) __attribute__((noreturn))'
1 warning generated.
configure:5802: $? = 0
configure:5812: result: yes
configure:5954: checking whether the Boost::Unit_Test_Framework library is available
configure:5977: g++ -c  -std=c++0x -O2  -pthread -I/usr/local/include conftest.cpp >&5
configure:5977: $? = 0
configure:5991: result: yes
configure:6120: checking for __sync_synchronize
configure:6126: gcc -o conftest -g -O2   conftest.c  >&5
configure:6126: $? = 0
configure:6133: result: yes
configure:6205: checking how to run the C preprocessor
configure:6236: gcc -E  conftest.c
configure:6236: $? = 0
configure:6250: gcc -E  conftest.c
conftest.c:20:10: fatal error: 'ac_nonexistent.h' file not found
#include <ac_nonexistent.h>
         ^
1 error generated.
configure:6250: $? = 1
configure: failed program was:
| /* confdefs.h */
| #define PACKAGE_NAME "fuego"
| #define PACKAGE_TARNAME "fuego"
| #define PACKAGE_VERSION "1.1.SVN"
| #define PACKAGE_STRING "fuego 1.1.SVN"
| #define PACKAGE_BUGREPORT ""
| #define PACKAGE_URL ""
| #define PACKAGE "fuego"
| #define VERSION "1.1.SVN"
| #define HAVE_BOOST /**/
| #define HAVE_BOOST_THREAD /**/
| #define HAVE_BOOST_SYSTEM /**/
| #define HAVE_BOOST_DATE_TIME /**/
| #define HAVE_BOOST_FILESYSTEM /**/
| #define HAVE_BOOST_PROGRAM_OPTIONS /**/
| #define HAVE_BOOST_UNIT_TEST_FRAMEWORK /**/
| #define HAVE_SYNC_SYNCHRONIZE 1
| #define HOST_CPU "x86_64"
| /* end confdefs.h.  */
| #include <ac_nonexistent.h>
configure:6275: result: gcc -E
configure:6295: gcc -E  conftest.c
configure:6295: $? = 0
configure:6309: gcc -E  conftest.c
conftest.c:20:10: fatal error: 'ac_nonexistent.h' file not found
#include <ac_nonexistent.h>
         ^
1 error generated.
configure:6309: $? = 1
configure: failed program was:
| /* confdefs.h */
| #define PACKAGE_NAME "fuego"
| #define PACKAGE_TARNAME "fuego"
| #define PACKAGE_VERSION "1.1.SVN"
| #define PACKAGE_STRING "fuego 1.1.SVN"
| #define PACKAGE_BUGREPORT ""
| #define PACKAGE_URL ""
| #define PACKAGE "fuego"
| #define VERSION "1.1.SVN"
| #define HAVE_BOOST /**/
| #define HAVE_BOOST_THREAD /**/
| #define HAVE_BOOST_SYSTEM /**/
| #define HAVE_BOOST_DATE_TIME /**/
| #define HAVE_BOOST_FILESYSTEM /**/
| #define HAVE_BOOST_PROGRAM_OPTIONS /**/
| #define HAVE_BOOST_UNIT_TEST_FRAMEWORK /**/
| #define HAVE_SYNC_SYNCHRONIZE 1
| #define HOST_CPU "x86_64"
| /* end confdefs.h.  */
| #include <ac_nonexistent.h>
configure:6338: checking for grep that handles long lines and -e
configure:6396: result: /usr/bin/grep
configure:6401: checking for egrep
configure:6463: result: /usr/bin/grep -E
configure:6468: checking for ANSI C header files
configure:6488: gcc -c -g -O2  conftest.c >&5
configure:6488: $? = 0
configure:6561: gcc -o conftest -g -O2   conftest.c  >&5
configure:6561: $? = 0
configure:6561: ./conftest
configure:6561: $? = 0
configure:6572: result: yes
configure:6585: checking for sys/types.h
configure:6585: gcc -c -g -O2  conftest.c >&5
configure:6585: $? = 0
configure:6585: result: yes
configure:6585: checking for sys/stat.h
configure:6585: gcc -c -g -O2  conftest.c >&5
configure:6585: $? = 0
configure:6585: result: yes
configure:6585: checking for stdlib.h
configure:6585: gcc -c -g -O2  conftest.c >&5
configure:6585: $? = 0
configure:6585: result: yes
configure:6585: checking for string.h
configure:6585: gcc -c -g -O2  conftest.c >&5
configure:6585: $? = 0
configure:6585: result: yes
configure:6585: checking for memory.h
configure:6585: gcc -c -g -O2  conftest.c >&5
configure:6585: $? = 0
configure:6585: result: yes
configure:6585: checking for strings.h
configure:6585: gcc -c -g -O2  conftest.c >&5
configure:6585: $? = 0
configure:6585: result: yes
configure:6585: checking for inttypes.h
configure:6585: gcc -c -g -O2  conftest.c >&5
configure:6585: $? = 0
configure:6585: result: yes
configure:6585: checking for stdint.h
configure:6585: gcc -c -g -O2  conftest.c >&5
configure:6585: $? = 0
configure:6585: result: yes
configure:6585: checking for unistd.h
configure:6585: gcc -c -g -O2  conftest.c >&5
configure:6585: $? = 0
configure:6585: result: yes
configure:6599: checking sys/sysctl.h usability
configure:6599: gcc -c -g -O2  conftest.c >&5
configure:6599: $? = 0
configure:6599: result: yes
configure:6599: checking sys/sysctl.h presence
configure:6599: gcc -E  conftest.c
configure:6599: $? = 0
configure:6599: result: yes
configure:6599: checking for sys/sysctl.h
configure:6599: result: yes
configure:6609: checking CXXFLAGS for maximum warnings
configure:6635: g++ -c  -std=c++0x -O2 -DNDEBUG -pedantic  -Wall  conftest.cpp >&5
configure:6635: $? = 0
configure:6649: result: -Wall
configure:6662: : CXXFLAGS="$CXXFLAGS $ax_cv_cxxflags_warn_all"
configure:6665: $? = 0
configure:6672: checking CXXFLAGS for gcc -Wextra
configure:6699: g++ -c  -std=c++0x -O2 -DNDEBUG -Wall -pedantic -Werror  -Wextra  conftest.cpp >&5
configure:6699: $? = 0
configure:6713: result: -Wextra
configure:6726: : CXXFLAGS="$CXXFLAGS $var"
configure:6729: $? = 0
configure:6848: checking that generated files are newer than configure
configure:6854: result: done
configure:6885: creating ./config.status

## ---------------------- ##
## Running config.status. ##
## ---------------------- ##

This file was extended by fuego config.status 1.1.SVN, which was
generated by GNU Autoconf 2.69.  Invocation command line was

  CONFIG_FILES    = 
  CONFIG_HEADERS  = 
  CONFIG_LINKS    = 
  CONFIG_COMMANDS = 
  $ ./config.status 

on f45c89a50c8f.ant.amazon.com

config.status:903: creating Makefile
config.status:903: creating book/Makefile
config.status:903: creating regression/Makefile
config.status:903: creating misctests/Makefile
config.status:903: creating fuegomain/Makefile
config.status:903: creating fuegotest/Makefile
config.status:903: creating go/Makefile
config.status:903: creating gouct/Makefile
config.status:903: creating gtpengine/Makefile
config.status:903: creating features/Makefile
config.status:903: creating simpleplayers/Makefile
config.status:903: creating smartgame/Makefile
config.status:903: creating unittestmain/Makefile
config.status:903: creating mxnet/Makefile
config.status:903: creating selfplay/Makefile
config.status:903: creating godata/Makefile
config.status:903: creating config.h
config.status:1084: config.h is unchanged
config.status:1132: executing depfiles commands

## ---------------- ##
## Cache variables. ##
## ---------------- ##

ac_cv_build=x86_64-apple-darwin15.6.0
ac_cv_c_compiler_gnu=yes
ac_cv_cxx_compiler_gnu=yes
ac_cv_env_CCC_set=
ac_cv_env_CCC_value=
ac_cv_env_CC_set=
ac_cv_env_CC_value=
ac_cv_env_CFLAGS_set=
ac_cv_env_CFLAGS_value=
ac_cv_env_CPPFLAGS_set=
ac_cv_env_CPPFLAGS_value=
ac_cv_env_CPP_set=
ac_cv_env_CPP_value=
ac_cv_env_CXXFLAGS_set=
ac_cv_env_CXXFLAGS_value=
ac_cv_env_CXX_set=
ac_cv_env_CXX_value=
ac_cv_env_LDFLAGS_set=
ac_cv_env_LDFLAGS_value=
ac_cv_env_LIBS_set=
ac_cv_env_LIBS_value=
ac_cv_env_build_alias_set=
ac_cv_env_build_alias_value=
ac_cv_env_host_alias_set=
ac_cv_env_host_alias_value=
ac_cv_env_target_alias_set=
ac_cv_env_target_alias_value=
ac_cv_header_inttypes_h=yes
ac_cv_header_memory_h=yes
ac_cv_header_stdc=yes
ac_cv_header_stdint_h=yes
ac_cv_header_stdlib_h=yes
ac_cv_header_string_h=yes
ac_cv_header_strings_h=yes
ac_cv_header_sys_stat_h=yes
ac_cv_header_sys_sysctl_h=yes
ac_cv_header_sys_types_h=yes
ac_cv_header_unistd_h=yes
ac_cv_host=x86_64-apple-darwin15.6.0
ac_cv_lib_boost_date_time_mt___exit=yes
ac_cv_lib_boost_filesystem___exit=yes
ac_cv_lib_boost_program_options_mt___exit=yes
ac_cv_lib_boost_system___exit=yes
ac_cv_lib_boost_thread_mt___exit=yes
ac_cv_objext=o
ac_cv_path_EGREP='/usr/bin/grep -E'
ac_cv_path_GREP=/usr/bin/grep
ac_cv_path_install='/usr/bin/install -c'
ac_cv_prog_AWK=awk
ac_cv_prog_CPP='gcc -E'
ac_cv_prog_ac_ct_CC=gcc
ac_cv_prog_ac_ct_CXX=g++
ac_cv_prog_ac_ct_RANLIB=ranlib
ac_cv_prog_cc_c89=
ac_cv_prog_cc_g=yes
ac_cv_prog_cxx_g=yes
ac_cv_prog_make_make_set=yes
am_cv_CC_dependencies_compiler_type=gcc3
am_cv_CXX_dependencies_compiler_type=gcc3
am_cv_make_support_nested_variables=yes
am_cv_prog_cc_c_o=yes
ax_cv_boost_date_time=yes
ax_cv_boost_filesystem=yes
ax_cv_boost_program_options=yes
ax_cv_boost_system=yes
ax_cv_boost_thread=yes
ax_cv_boost_unit_test_framework=yes
ax_cv_cxxflags_gcc_option__Wextra=-Wextra
ax_cv_cxxflags_warn_all=-Wall

## ----------------- ##
## Output variables. ##
## ----------------- ##

ACLOCAL='${SHELL} /Users/mingxuan/Desktop/workspace/go_game/fuego_dev/missing aclocal-1.15'
AMDEPBACKSLASH='\'
AMDEP_FALSE='#'
AMDEP_TRUE=''
AMTAR='$${TAR-tar}'
AM_BACKSLASH='\'
AM_DEFAULT_V='$(AM_DEFAULT_VERBOSITY)'
AM_DEFAULT_VERBOSITY='1'
AM_V='$(V)'
AUTOCONF='${SHELL} /Users/mingxuan/Desktop/workspace/go_game/fuego_dev/missing autoconf'
AUTOHEADER='${SHELL} /Users/mingxuan/Desktop/workspace/go_game/fuego_dev/missing autoheader'
AUTOMAKE='${SHELL} /Users/mingxuan/Desktop/workspace/go_game/fuego_dev/missing automake-1.15'
AWK='awk'
BOOST_CPPFLAGS='-pthread -I/usr/local/include'
BOOST_DATE_TIME_LIB='-lboost_date_time-mt'
BOOST_FILESYSTEM_LIB='-lboost_filesystem'
BOOST_LDFLAGS='-L/usr/local/lib'
BOOST_PROGRAM_OPTIONS_LIB='-lboost_program_options-mt'
BOOST_SYSTEM_LIB='-lboost_system'
BOOST_THREAD_LIB='-lboost_thread-mt'
BOOST_UNIT_TEST_FRAMEWORK_LIB='-lboost_unit_test_framework-mt'
CC='gcc'
CCDEPMODE='depmode=gcc3'
CFLAGS='-g -O2'
CPP='gcc -E'
CPPFLAGS=''
CXX='g++'
CXXDEPMODE='depmode=gcc3'
CXXFLAGS=' -std=c++0x -O2 -DNDEBUG -Wall -Wextra'
CYGPATH_W='echo'
DEFS='-DHAVE_CONFIG_H'
DEPDIR='.deps'
ECHO_C='\c'
ECHO_N=''
ECHO_T=''
EGREP='/usr/bin/grep -E'
EXEEXT=''
GREP='/usr/bin/grep'
INSTALL_DATA='${INSTALL} -m 644'
INSTALL_PROGRAM='${INSTALL}'
INSTALL_SCRIPT='${INSTALL}'
INSTALL_STRIP_PROGRAM='$(install_sh) -c -s'
LDFLAGS=''
LIBOBJS=''
LIBS=''
LTLIBOBJS=''
MAINT='#'
MAINTAINER_MODE_FALSE=''
MAINTAINER_MODE_TRUE='#'
MAKEINFO='${SHELL} /Users/mingxuan/Desktop/workspace/go_game/fuego_dev/missing makeinfo'
MKDIR_P='./install-sh -c -d'
OBJEXT='o'
PACKAGE='fuego'
PACKAGE_BUGREPORT=''
PACKAGE_NAME='fuego'
PACKAGE_STRING='fuego 1.1.SVN'
PACKAGE_TARNAME='fuego'
PACKAGE_URL=''
PACKAGE_VERSION='1.1.SVN'
PATH_SEPARATOR=':'
RANLIB='ranlib'
SET_MAKE=''
SHELL='/bin/sh'
STRIP=''
VERSION='1.1.SVN'
ac_ct_CC='gcc'
ac_ct_CXX='g++'
am__EXEEXT_FALSE=''
am__EXEEXT_TRUE='#'
am__fastdepCC_FALSE='#'
am__fastdepCC_TRUE=''
am__fastdepCXX_FALSE='#'
am__fastdepCXX_TRUE=''
am__include='include'
am__isrc=''
am__leading_dot='.'
am__nodep='_no'
am__quote=''
am__tar='$${TAR-tar} chof - "$$tardir"'
am__untar='$${TAR-tar} xf -'
bindir='${exec_prefix}/bin'
build='x86_64-apple-darwin15.6.0'
build_alias=''
build_cpu='x86_64'
build_os='darwin15.6.0'
build_vendor='apple'
datadir='${datarootdir}'
datarootdir='${prefix}/share'
docdir='${datarootdir}/doc/${PACKAGE_TARNAME}'
dvidir='${docdir}'
exec_prefix='${prefix}'
host='x86_64-apple-darwin15.6.0'
host_alias=''
host_cpu='x86_64'
host_os='darwin15.6.0'
host_vendor='apple'
htmldir='${docdir}'
includedir='${prefix}/include'
infodir='${datarootdir}/info'
install_sh='${SHELL} /Users/mingxuan/Desktop/workspace/go_game/fuego_dev/install-sh'
libdir='${exec_prefix}/lib'
libexecdir='${exec_prefix}/libexec'
localedir='${datarootdir}/locale'
localstatedir='${prefix}/var'
mandir='${datarootdir}/man'
mkdir_p='$(MKDIR_P)'
oldincludedir='/usr/include'
pdfdir='${docdir}'
prefix='/usr/local'
program_transform_name='s,x,x,'
psdir='${docdir}'
sbindir='${exec_prefix}/sbin'
sharedstatedir='${prefix}/com'
sysconfdir='${prefix}/etc'
target_alias=''

## ----------- ##
## confdefs.h. ##
## ----------- ##

/* confdefs.h */
#define PACKAGE_NAME "fuego"
#define PACKAGE_TARNAME "fuego"
#define PACKAGE_VERSION "1.1.SVN"
#define PACKAGE_STRING "fuego 1.1.SVN"
#define PACKAGE_BUGREPORT ""
#define PACKAGE_URL ""
#define PACKAGE "fuego"
#define VERSION "1.1.SVN"
#define HAVE_BOOST /**/
#define HAVE_BOOST_THREAD /**/
#define HAVE_BOOST_SYSTEM /**/
#define HAVE_BOOST_DATE_TIME /**/
#define HAVE_BOOST_FILESYSTEM /**/
#define HAVE_BOOST_PROGRAM_OPTIONS /**/
#define HAVE_BOOST_UNIT_TEST_FRAMEWORK /**/
#define HAVE_SYNC_SYNCHRONIZE 1
#define HOST_CPU "x86_64"
#define STDC_HEADERS 1
#define HAVE_SYS_TYPES_H 1
#define HAVE_SYS_STAT_H 1
#define HAVE_STDLIB_H 1
#define HAVE_STRING_H 1
#define HAVE_MEMORY_H 1
#define HAVE_STRINGS_H 1
#define HAVE_INTTYPES_H 1
#define HAVE_STDINT_H 1
#define HAVE_UNISTD_H 1
#define HAVE_SYS_SYSCTL_H 1

configure: exit 0
